19 May 2011  22:07:35  -  08S01 - Server shutdown in progress - SELECT raw.id,
		raw.hotel_name, 
		CONCAT('http://holidays.easyjet.com/dl.aspx?mode=FlightPlusHotel&depdate=' , DAY(raw.departure_date) , '/' , MONTH(raw.departure_date) , '/', YEAR(raw.departure_date) , '&nights=', raw.duration, '&adults=2&airport=', out_departure_airport_code, '&resort=', p.ResortID, '&property=', raw.property_id) as 'url',
		raw.country,
		raw.region,
		raw.resort,
		raw.duration,
		raw.board,
		raw.cost,
		raw.currency,
		raw.departure_date,
		raw.rating,
		raw.property_id,
		raw.image_url, 
		raw.room_type,
		raw.out_departure_airport_code,
		raw.out_departure_airport_name,
		raw.out_flight_departure_date,
		raw.out_destination_airport_name,
		raw.out_destination_airport_code,
		raw.ret_departure_airport_code,
		raw.ret_departure_airport_name,
		raw.ret_flight_departure_date,
		raw.ret_destination_airport_name,
		raw.ret_destination_airport_code,
		p.HotelType,
		p.Image1URL,
		p.Image2URL,
		p.Image3URL,
		p.Description,
		p.Address,
		p.PostCode
		FROM pm_custom_products_easyjet raw
		INNER JOIN pm_scrape_property_lookup lookup ON lookup.scrape_id=raw.property_id
		INNER JOIN Property p ON p.PropertyID=lookup.odst_id
		LIMIT 1440000, 10000.
04 Jun 2011  13:15:32  -  Can't connect to local MySQL server through socket '/Applications/MAMP/tmp/mysql/mysql.sock' (2).
04 Jun 2011  14:17:23  -  42000 - You have an error in your SQL syntax; check the manual that corresponds to your MySQL server version for the right syntax to use near 'AND password=' at line 4 - SELECT email
				FROM ot_users
				WHERE username=
				AND password=.
04 Jun 2011  14:17:43  -  42000 - You have an error in your SQL syntax; check the manual that corresponds to your MySQL server version for the right syntax to use near 'AND password=' at line 4 - SELECT email
				FROM ot_users
				WHERE username=
				AND password=.
04 Jun 2011  14:17:48  -  42000 - You have an error in your SQL syntax; check the manual that corresponds to your MySQL server version for the right syntax to use near 'AND password=' at line 4 - SELECT email
				FROM ot_users
				WHERE username=
				AND password=.
04 Jun 2011  14:36:45  -  42S22 - Unknown column 'bdeveaux' in 'where clause' - SELECT email
				FROM ot_users
				WHERE username=bdeveaux
				AND password=B0bD3v0s.
04 Jun 2011  14:36:58  -  42S22 - Unknown column 'bdeveaux' in 'where clause' - SELECT email
				FROM ot_users
				WHERE username=bdeveaux
				AND password=B0bD3v0s.
04 Jun 2011  14:38:10  -  42S22 - Unknown column 'bdeveaux' in 'where clause' - SELECT email
				FROM ot_users
				WHERE username=bdeveaux
				AND password=B0bD3v0s.
04 Jun 2011  14:38:21  -  42S22 - Unknown column 'bdeveaux' in 'where clause' - SELECT email
				FROM ot_users
				WHERE username=bdeveaux
				AND password=B0bD3v0s.
04 Jun 2011  14:38:30  -  42S22 - Unknown column 'bdeveaux' in 'where clause' - SELECT email
				FROM ot_users
				WHERE username=bdeveaux
				AND password=B0bD3v0s.
04 Jun 2011  19:59:22  -  42000 - You have an error in your SQL syntax; check the manual that corresponds to your MySQL server version for the right syntax to use near '/Users/bobbeh/Sites/techodst-dev/public_html/uploads/images/IMG_0844.JPG' at line 1.
